[2025-02-16T17:46:51.738+0000] {manager.py:483} INFO - Processing files using up to 2 processes at a time 
[2025-02-16T17:46:51.739+0000] {manager.py:484} INFO - Process each file at most once every 30 seconds
[2025-02-16T17:46:51.740+0000] {manager.py:485} INFO - Checking for new files in /opt/airflow/dags every 300 seconds
[2025-02-16T17:46:51.740+0000] {manager.py:821} INFO - Searching for files in /opt/airflow/dags
[2025-02-16T17:46:51.741+0000] {manager.py:824} INFO - There are 0 files in /opt/airflow/dags
[2025-02-16T17:51:52.561+0000] {manager.py:821} INFO - Searching for files in /opt/airflow/dags
[2025-02-16T17:51:52.566+0000] {manager.py:824} INFO - There are 0 files in /opt/airflow/dags
[2025-02-16T17:56:52.753+0000] {manager.py:821} INFO - Searching for files in /opt/airflow/dags
[2025-02-16T17:56:52.761+0000] {manager.py:824} INFO - There are 0 files in /opt/airflow/dags
[2025-02-16T18:01:52.990+0000] {manager.py:821} INFO - Searching for files in /opt/airflow/dags
[2025-02-16T18:01:52.997+0000] {manager.py:824} INFO - There are 0 files in /opt/airflow/dags
[2025-02-16T18:06:53.429+0000] {manager.py:821} INFO - Searching for files in /opt/airflow/dags
[2025-02-16T18:06:53.439+0000] {manager.py:824} INFO - There are 1 files in /opt/airflow/dags
[2025-02-16T18:07:04.592+0000] {manager.py:997} INFO - 
================================================================================
DAG File Processing Stats

File Path                        PID    Runtime      # DAGs    # Errors  Last Runtime    Last Run               Last # of DB Queries
-------------------------------  -----  ---------  --------  ----------  --------------  -------------------  ----------------------
/opt/airflow/dags/reddit_dag.py                           0           1  0.05s           2025-02-16T18:06:53                       3
================================================================================
[2025-02-16T18:07:34.906+0000] {manager.py:997} INFO - 
================================================================================
DAG File Processing Stats

File Path                        PID    Runtime      # DAGs    # Errors  Last Runtime    Last Run               Last # of DB Queries
-------------------------------  -----  ---------  --------  ----------  --------------  -------------------  ----------------------
/opt/airflow/dags/reddit_dag.py                           0           1  0.04s           2025-02-16T18:07:23                       5
================================================================================
[2025-02-16T18:08:05.337+0000] {manager.py:997} INFO - 
================================================================================
DAG File Processing Stats

File Path                        PID    Runtime      # DAGs    # Errors  Last Runtime    Last Run               Last # of DB Queries
-------------------------------  -----  ---------  --------  ----------  --------------  -------------------  ----------------------
/opt/airflow/dags/reddit_dag.py                           0           1  0.04s           2025-02-16T18:08:04                       5
================================================================================
[2025-02-16T18:08:35.841+0000] {manager.py:997} INFO - 
================================================================================
DAG File Processing Stats

File Path                        PID    Runtime      # DAGs    # Errors  Last Runtime    Last Run               Last # of DB Queries
-------------------------------  -----  ---------  --------  ----------  --------------  -------------------  ----------------------
/opt/airflow/dags/reddit_dag.py                           0           1  0.04s           2025-02-16T18:08:34                       5
================================================================================
[2025-02-16T18:09:06.380+0000] {manager.py:997} INFO - 
================================================================================
DAG File Processing Stats

File Path                        PID    Runtime      # DAGs    # Errors  Last Runtime    Last Run               Last # of DB Queries
-------------------------------  -----  ---------  --------  ----------  --------------  -------------------  ----------------------
/opt/airflow/dags/reddit_dag.py                           0           1  0.04s           2025-02-16T18:09:04                       5
================================================================================
[2025-02-16T18:09:36.902+0000] {manager.py:997} INFO - 
================================================================================
DAG File Processing Stats

File Path                        PID    Runtime      # DAGs    # Errors  Last Runtime    Last Run               Last # of DB Queries
-------------------------------  -----  ---------  --------  ----------  --------------  -------------------  ----------------------
/opt/airflow/dags/reddit_dag.py                           0           1  0.05s           2025-02-16T18:09:35                       5
================================================================================
[2025-02-16T18:10:07.440+0000] {manager.py:997} INFO - 
================================================================================
DAG File Processing Stats

File Path                        PID    Runtime      # DAGs    # Errors  Last Runtime    Last Run               Last # of DB Queries
-------------------------------  -----  ---------  --------  ----------  --------------  -------------------  ----------------------
/opt/airflow/dags/reddit_dag.py                           0           1  0.05s           2025-02-16T18:10:06                       5
================================================================================
[2025-02-16T18:10:37.907+0000] {manager.py:997} INFO - 
================================================================================
DAG File Processing Stats

File Path                        PID    Runtime      # DAGs    # Errors  Last Runtime    Last Run               Last # of DB Queries
-------------------------------  -----  ---------  --------  ----------  --------------  -------------------  ----------------------
/opt/airflow/dags/reddit_dag.py                           0           1  0.04s           2025-02-16T18:10:25                       5
================================================================================
[2025-02-16T18:11:08.284+0000] {manager.py:997} INFO - 
================================================================================
DAG File Processing Stats

File Path                        PID    Runtime      # DAGs    # Errors  Last Runtime    Last Run               Last # of DB Queries
-------------------------------  -----  ---------  --------  ----------  --------------  -------------------  ----------------------
/opt/airflow/dags/reddit_dag.py                           0           1  0.06s           2025-02-16T18:10:56                       5
================================================================================
[2025-02-16T18:11:38.659+0000] {manager.py:997} INFO - 
================================================================================
DAG File Processing Stats

File Path                        PID    Runtime      # DAGs    # Errors  Last Runtime    Last Run               Last # of DB Queries
-------------------------------  -----  ---------  --------  ----------  --------------  -------------------  ----------------------
/opt/airflow/dags/reddit_dag.py                           0           1  0.07s           2025-02-16T18:11:26                       5
================================================================================
[2025-02-16T18:11:53.817+0000] {manager.py:821} INFO - Searching for files in /opt/airflow/dags
[2025-02-16T18:11:53.823+0000] {manager.py:824} INFO - There are 1 files in /opt/airflow/dags
[2025-02-16T18:12:09.017+0000] {manager.py:997} INFO - 
================================================================================
DAG File Processing Stats

File Path                        PID    Runtime      # DAGs    # Errors  Last Runtime    Last Run               Last # of DB Queries
-------------------------------  -----  ---------  --------  ----------  --------------  -------------------  ----------------------
/opt/airflow/dags/reddit_dag.py                           0           1  0.05s           2025-02-16T18:11:56                       5
================================================================================
[2025-02-16T18:12:39.400+0000] {manager.py:997} INFO - 
================================================================================
DAG File Processing Stats

File Path                        PID    Runtime      # DAGs    # Errors  Last Runtime    Last Run               Last # of DB Queries
-------------------------------  -----  ---------  --------  ----------  --------------  -------------------  ----------------------
/opt/airflow/dags/reddit_dag.py                           0           1  0.08s           2025-02-16T18:12:27                       5
================================================================================
[2025-02-16T18:13:09.740+0000] {manager.py:997} INFO - 
================================================================================
DAG File Processing Stats

File Path                        PID    Runtime      # DAGs    # Errors  Last Runtime    Last Run               Last # of DB Queries
-------------------------------  -----  ---------  --------  ----------  --------------  -------------------  ----------------------
/opt/airflow/dags/reddit_dag.py                           0           1  0.05s           2025-02-16T18:12:57                       5
================================================================================
[2025-02-16T18:13:40.059+0000] {manager.py:997} INFO - 
================================================================================
DAG File Processing Stats

File Path                        PID    Runtime      # DAGs    # Errors  Last Runtime    Last Run               Last # of DB Queries
-------------------------------  -----  ---------  --------  ----------  --------------  -------------------  ----------------------
/opt/airflow/dags/reddit_dag.py                           0           1  0.04s           2025-02-16T18:13:27                       5
================================================================================
[2025-02-16T18:14:10.423+0000] {manager.py:997} INFO - 
================================================================================
DAG File Processing Stats

File Path                        PID    Runtime      # DAGs    # Errors  Last Runtime    Last Run               Last # of DB Queries
-------------------------------  -----  ---------  --------  ----------  --------------  -------------------  ----------------------
/opt/airflow/dags/reddit_dag.py                           0           1  0.07s           2025-02-16T18:13:58                       5
================================================================================
[2025-02-16T18:14:40.745+0000] {manager.py:997} INFO - 
================================================================================
DAG File Processing Stats

File Path                        PID    Runtime      # DAGs    # Errors  Last Runtime    Last Run               Last # of DB Queries
-------------------------------  -----  ---------  --------  ----------  --------------  -------------------  ----------------------
/opt/airflow/dags/reddit_dag.py                           0           1  0.05s           2025-02-16T18:14:28                       5
================================================================================
[2025-02-16T18:15:11.043+0000] {manager.py:997} INFO - 
================================================================================
DAG File Processing Stats

File Path                        PID    Runtime      # DAGs    # Errors  Last Runtime    Last Run               Last # of DB Queries
-------------------------------  -----  ---------  --------  ----------  --------------  -------------------  ----------------------
/opt/airflow/dags/reddit_dag.py                           0           1  0.04s           2025-02-16T18:14:58                       5
================================================================================
[2025-02-16T18:15:41.424+0000] {manager.py:997} INFO - 
================================================================================
DAG File Processing Stats

File Path                        PID    Runtime      # DAGs    # Errors  Last Runtime    Last Run               Last # of DB Queries
-------------------------------  -----  ---------  --------  ----------  --------------  -------------------  ----------------------
/opt/airflow/dags/reddit_dag.py                           0           1  0.07s           2025-02-16T18:15:29                       5
================================================================================
[2025-02-16T18:16:11.790+0000] {manager.py:997} INFO - 
================================================================================
DAG File Processing Stats

File Path                        PID    Runtime      # DAGs    # Errors  Last Runtime    Last Run               Last # of DB Queries
-------------------------------  -----  ---------  --------  ----------  --------------  -------------------  ----------------------
/opt/airflow/dags/reddit_dag.py                           0           1  0.08s           2025-02-16T18:15:59                       5
================================================================================
[2025-02-16T18:16:42.186+0000] {manager.py:997} INFO - 
================================================================================
DAG File Processing Stats

File Path                        PID    Runtime      # DAGs    # Errors  Last Runtime    Last Run               Last # of DB Queries
-------------------------------  -----  ---------  --------  ----------  --------------  -------------------  ----------------------
/opt/airflow/dags/reddit_dag.py                           0           1  0.05s           2025-02-16T18:16:30                       5
================================================================================
[2025-02-16T18:16:54.346+0000] {manager.py:821} INFO - Searching for files in /opt/airflow/dags
[2025-02-16T18:16:54.355+0000] {manager.py:824} INFO - There are 1 files in /opt/airflow/dags
[2025-02-16T18:17:12.645+0000] {manager.py:997} INFO - 
================================================================================
DAG File Processing Stats

File Path                          PID  Runtime      # DAGs    # Errors  Last Runtime    Last Run               Last # of DB Queries
-------------------------------  -----  ---------  --------  ----------  --------------  -------------------  ----------------------
/opt/airflow/dags/reddit_dag.py     90  0.01s             0           1  0.05s           2025-02-16T18:17:09                       5
================================================================================
[2025-02-16T18:17:43.198+0000] {manager.py:997} INFO - 
================================================================================
DAG File Processing Stats

File Path                        PID    Runtime      # DAGs    # Errors  Last Runtime    Last Run               Last # of DB Queries
-------------------------------  -----  ---------  --------  ----------  --------------  -------------------  ----------------------
/opt/airflow/dags/reddit_dag.py                           0           1  0.04s           2025-02-16T18:17:41                       5
================================================================================
[2025-02-16T18:18:13.615+0000] {manager.py:997} INFO - 
================================================================================
DAG File Processing Stats

File Path                        PID    Runtime      # DAGs    # Errors  Last Runtime    Last Run               Last # of DB Queries
-------------------------------  -----  ---------  --------  ----------  --------------  -------------------  ----------------------
/opt/airflow/dags/reddit_dag.py                           0           1  0.04s           2025-02-16T18:17:49                       5
================================================================================
[2025-02-16T18:18:44.048+0000] {manager.py:997} INFO - 
================================================================================
DAG File Processing Stats

File Path                        PID    Runtime      # DAGs    # Errors  Last Runtime    Last Run               Last # of DB Queries
-------------------------------  -----  ---------  --------  ----------  --------------  -------------------  ----------------------
/opt/airflow/dags/reddit_dag.py                           0           1  0.03s           2025-02-16T18:18:43                       5
================================================================================
[2025-02-16T18:19:14.549+0000] {manager.py:997} INFO - 
================================================================================
DAG File Processing Stats

File Path                        PID    Runtime      # DAGs    # Errors  Last Runtime    Last Run               Last # of DB Queries
-------------------------------  -----  ---------  --------  ----------  --------------  -------------------  ----------------------
/opt/airflow/dags/reddit_dag.py                           0           1  0.04s           2025-02-16T18:19:13                       5
================================================================================
[2025-02-16T18:19:45.001+0000] {manager.py:997} INFO - 
================================================================================
DAG File Processing Stats

File Path                        PID    Runtime      # DAGs    # Errors  Last Runtime    Last Run               Last # of DB Queries
-------------------------------  -----  ---------  --------  ----------  --------------  -------------------  ----------------------
/opt/airflow/dags/reddit_dag.py                           0           1  0.04s           2025-02-16T18:19:35                       5
================================================================================
[2025-02-16T18:20:15.357+0000] {manager.py:997} INFO - 
================================================================================
DAG File Processing Stats

File Path                        PID    Runtime      # DAGs    # Errors  Last Runtime    Last Run               Last # of DB Queries
-------------------------------  -----  ---------  --------  ----------  --------------  -------------------  ----------------------
/opt/airflow/dags/reddit_dag.py                           0           1  0.05s           2025-02-16T18:20:13                       5
================================================================================
[2025-02-16T18:20:45.712+0000] {manager.py:997} INFO - 
================================================================================
DAG File Processing Stats

File Path                        PID    Runtime      # DAGs    # Errors  Last Runtime    Last Run               Last # of DB Queries
-------------------------------  -----  ---------  --------  ----------  --------------  -------------------  ----------------------
/opt/airflow/dags/reddit_dag.py                           0           1  0.06s           2025-02-16T18:20:43                       5
================================================================================
[2025-02-16T18:21:16.057+0000] {manager.py:997} INFO - 
================================================================================
DAG File Processing Stats

File Path                        PID    Runtime      # DAGs    # Errors  Last Runtime    Last Run               Last # of DB Queries
-------------------------------  -----  ---------  --------  ----------  --------------  -------------------  ----------------------
/opt/airflow/dags/reddit_dag.py                           0           1  0.04s           2025-02-16T18:21:14                       5
================================================================================
[2025-02-16T18:21:46.369+0000] {manager.py:997} INFO - 
================================================================================
DAG File Processing Stats

File Path                        PID    Runtime      # DAGs    # Errors  Last Runtime    Last Run               Last # of DB Queries
-------------------------------  -----  ---------  --------  ----------  --------------  -------------------  ----------------------
/opt/airflow/dags/reddit_dag.py                           0           1  0.05s           2025-02-16T18:21:44                       5
================================================================================
[2025-02-16T18:21:54.451+0000] {manager.py:821} INFO - Searching for files in /opt/airflow/dags
[2025-02-16T18:21:54.456+0000] {manager.py:824} INFO - There are 1 files in /opt/airflow/dags
[2025-02-16T18:22:16.729+0000] {manager.py:997} INFO - 
================================================================================
DAG File Processing Stats

File Path                        PID    Runtime      # DAGs    # Errors  Last Runtime    Last Run               Last # of DB Queries
-------------------------------  -----  ---------  --------  ----------  --------------  -------------------  ----------------------
/opt/airflow/dags/reddit_dag.py                           0           1  0.05s           2025-02-16T18:22:14                       5
================================================================================
[2025-02-16T18:22:47.069+0000] {manager.py:997} INFO - 
================================================================================
DAG File Processing Stats

File Path                        PID    Runtime      # DAGs    # Errors  Last Runtime    Last Run               Last # of DB Queries
-------------------------------  -----  ---------  --------  ----------  --------------  -------------------  ----------------------
/opt/airflow/dags/reddit_dag.py                           0           1  0.04s           2025-02-16T18:22:45                       5
================================================================================
[2025-02-16T18:23:17.425+0000] {manager.py:997} INFO - 
================================================================================
DAG File Processing Stats

File Path                        PID    Runtime      # DAGs    # Errors  Last Runtime    Last Run               Last # of DB Queries
-------------------------------  -----  ---------  --------  ----------  --------------  -------------------  ----------------------
/opt/airflow/dags/reddit_dag.py                           0           1  0.06s           2025-02-16T18:23:15                       5
================================================================================
[2025-02-16T18:23:47.766+0000] {manager.py:997} INFO - 
================================================================================
DAG File Processing Stats

File Path                        PID    Runtime      # DAGs    # Errors  Last Runtime    Last Run               Last # of DB Queries
-------------------------------  -----  ---------  --------  ----------  --------------  -------------------  ----------------------
/opt/airflow/dags/reddit_dag.py                           0           1  0.03s           2025-02-16T18:23:45                       5
================================================================================
[2025-02-16T18:24:18.106+0000] {manager.py:997} INFO - 
================================================================================
DAG File Processing Stats

File Path                        PID    Runtime      # DAGs    # Errors  Last Runtime    Last Run               Last # of DB Queries
-------------------------------  -----  ---------  --------  ----------  --------------  -------------------  ----------------------
/opt/airflow/dags/reddit_dag.py                           0           1  0.06s           2025-02-16T18:24:16                       5
================================================================================
[2025-02-16T18:24:48.440+0000] {manager.py:997} INFO - 
================================================================================
DAG File Processing Stats

File Path                        PID    Runtime      # DAGs    # Errors  Last Runtime    Last Run               Last # of DB Queries
-------------------------------  -----  ---------  --------  ----------  --------------  -------------------  ----------------------
/opt/airflow/dags/reddit_dag.py                           0           1  0.05s           2025-02-16T18:24:46                       5
================================================================================
[2025-02-16T18:25:18.823+0000] {manager.py:997} INFO - 
================================================================================
DAG File Processing Stats

File Path                        PID    Runtime      # DAGs    # Errors  Last Runtime    Last Run               Last # of DB Queries
-------------------------------  -----  ---------  --------  ----------  --------------  -------------------  ----------------------
/opt/airflow/dags/reddit_dag.py                           0           1  0.04s           2025-02-16T18:25:16                       5
================================================================================
[2025-02-16T18:25:49.150+0000] {manager.py:997} INFO - 
================================================================================
DAG File Processing Stats

File Path                        PID    Runtime      # DAGs    # Errors  Last Runtime    Last Run               Last # of DB Queries
-------------------------------  -----  ---------  --------  ----------  --------------  -------------------  ----------------------
/opt/airflow/dags/reddit_dag.py                           0           1  0.05s           2025-02-16T18:25:47                       5
================================================================================
[2025-02-16T18:26:19.449+0000] {manager.py:997} INFO - 
================================================================================
DAG File Processing Stats

File Path                        PID    Runtime      # DAGs    # Errors  Last Runtime    Last Run               Last # of DB Queries
-------------------------------  -----  ---------  --------  ----------  --------------  -------------------  ----------------------
/opt/airflow/dags/reddit_dag.py                           0           1  0.04s           2025-02-16T18:26:17                       5
================================================================================
[2025-02-16T18:26:49.791+0000] {manager.py:997} INFO - 
================================================================================
DAG File Processing Stats

File Path                        PID    Runtime      # DAGs    # Errors  Last Runtime    Last Run               Last # of DB Queries
-------------------------------  -----  ---------  --------  ----------  --------------  -------------------  ----------------------
/opt/airflow/dags/reddit_dag.py                           0           1  0.04s           2025-02-16T18:26:47                       5
================================================================================
[2025-02-16T18:26:54.835+0000] {manager.py:821} INFO - Searching for files in /opt/airflow/dags
[2025-02-16T18:26:54.841+0000] {manager.py:824} INFO - There are 1 files in /opt/airflow/dags
[2025-02-16T18:27:20.134+0000] {manager.py:997} INFO - 
================================================================================
DAG File Processing Stats

File Path                        PID    Runtime      # DAGs    # Errors  Last Runtime    Last Run               Last # of DB Queries
-------------------------------  -----  ---------  --------  ----------  --------------  -------------------  ----------------------
/opt/airflow/dags/reddit_dag.py                           0           1  0.05s           2025-02-16T18:27:18                       5
================================================================================
[2025-02-16T18:27:50.429+0000] {manager.py:997} INFO - 
================================================================================
DAG File Processing Stats

File Path                        PID    Runtime      # DAGs    # Errors  Last Runtime    Last Run               Last # of DB Queries
-------------------------------  -----  ---------  --------  ----------  --------------  -------------------  ----------------------
/opt/airflow/dags/reddit_dag.py                           0           1  0.05s           2025-02-16T18:27:48                       5
================================================================================
[2025-02-16T18:28:20.779+0000] {manager.py:997} INFO - 
================================================================================
DAG File Processing Stats

File Path                        PID    Runtime      # DAGs    # Errors  Last Runtime    Last Run               Last # of DB Queries
-------------------------------  -----  ---------  --------  ----------  --------------  -------------------  ----------------------
/opt/airflow/dags/reddit_dag.py                           0           1  0.04s           2025-02-16T18:28:18                       5
================================================================================
[2025-02-16T18:28:51.211+0000] {manager.py:997} INFO - 
================================================================================
DAG File Processing Stats

File Path                        PID    Runtime      # DAGs    # Errors  Last Runtime    Last Run               Last # of DB Queries
-------------------------------  -----  ---------  --------  ----------  --------------  -------------------  ----------------------
/opt/airflow/dags/reddit_dag.py                           0           1  0.05s           2025-02-16T18:28:50                       5
================================================================================
[2025-02-16T18:29:21.643+0000] {manager.py:997} INFO - 
================================================================================
DAG File Processing Stats

File Path                        PID    Runtime      # DAGs    # Errors  Last Runtime    Last Run               Last # of DB Queries
-------------------------------  -----  ---------  --------  ----------  --------------  -------------------  ----------------------
/opt/airflow/dags/reddit_dag.py                           0           1  0.05s           2025-02-16T18:29:05                       5
================================================================================
[2025-02-16T18:29:51.987+0000] {manager.py:997} INFO - 
================================================================================
DAG File Processing Stats

File Path                        PID    Runtime      # DAGs    # Errors  Last Runtime    Last Run               Last # of DB Queries
-------------------------------  -----  ---------  --------  ----------  --------------  -------------------  ----------------------
/opt/airflow/dags/reddit_dag.py                           0           1  0.06s           2025-02-16T18:29:35                       5
================================================================================
[2025-02-16T18:30:22.352+0000] {manager.py:997} INFO - 
================================================================================
DAG File Processing Stats

File Path                        PID    Runtime      # DAGs    # Errors  Last Runtime    Last Run               Last # of DB Queries
-------------------------------  -----  ---------  --------  ----------  --------------  -------------------  ----------------------
/opt/airflow/dags/reddit_dag.py                           0           1  0.04s           2025-02-16T18:30:06                       5
================================================================================
[2025-02-16T18:30:52.729+0000] {manager.py:997} INFO - 
================================================================================
DAG File Processing Stats

File Path                        PID    Runtime      # DAGs    # Errors  Last Runtime    Last Run               Last # of DB Queries
-------------------------------  -----  ---------  --------  ----------  --------------  -------------------  ----------------------
/opt/airflow/dags/reddit_dag.py                           0           1  0.04s           2025-02-16T18:30:36                       5
================================================================================
[2025-02-16T18:31:23.210+0000] {manager.py:997} INFO - 
================================================================================
DAG File Processing Stats

File Path                        PID    Runtime      # DAGs    # Errors  Last Runtime    Last Run               Last # of DB Queries
-------------------------------  -----  ---------  --------  ----------  --------------  -------------------  ----------------------
/opt/airflow/dags/reddit_dag.py                           0           1  0.03s           2025-02-16T18:31:17                       5
================================================================================
[2025-02-16T18:31:53.697+0000] {manager.py:997} INFO - 
================================================================================
DAG File Processing Stats

File Path                        PID    Runtime      # DAGs    # Errors  Last Runtime    Last Run               Last # of DB Queries
-------------------------------  -----  ---------  --------  ----------  --------------  -------------------  ----------------------
/opt/airflow/dags/reddit_dag.py                           0           1  0.04s           2025-02-16T18:31:51                       5
================================================================================
[2025-02-16T18:31:55.710+0000] {manager.py:821} INFO - Searching for files in /opt/airflow/dags
[2025-02-16T18:31:55.714+0000] {manager.py:824} INFO - There are 1 files in /opt/airflow/dags
[2025-02-16T18:32:24.161+0000] {manager.py:997} INFO - 
================================================================================
DAG File Processing Stats

File Path                        PID    Runtime      # DAGs    # Errors  Last Runtime    Last Run               Last # of DB Queries
-------------------------------  -----  ---------  --------  ----------  --------------  -------------------  ----------------------
/opt/airflow/dags/reddit_dag.py                           0           1  0.04s           2025-02-16T18:32:23                       5
================================================================================
[2025-02-16T18:32:54.682+0000] {manager.py:997} INFO - 
================================================================================
DAG File Processing Stats

File Path                        PID    Runtime      # DAGs    # Errors  Last Runtime    Last Run               Last # of DB Queries
-------------------------------  -----  ---------  --------  ----------  --------------  -------------------  ----------------------
/opt/airflow/dags/reddit_dag.py                           0           1  0.04s           2025-02-16T18:32:53                       5
================================================================================
[2025-02-16T18:33:25.161+0000] {manager.py:997} INFO - 
================================================================================
DAG File Processing Stats

File Path                        PID    Runtime      # DAGs    # Errors  Last Runtime    Last Run               Last # of DB Queries
-------------------------------  -----  ---------  --------  ----------  --------------  -------------------  ----------------------
/opt/airflow/dags/reddit_dag.py                           0           1  0.04s           2025-02-16T18:33:22                       5
================================================================================
[2025-02-16T18:33:55.655+0000] {manager.py:997} INFO - 
================================================================================
DAG File Processing Stats

File Path                          PID  Runtime      # DAGs    # Errors  Last Runtime    Last Run               Last # of DB Queries
-------------------------------  -----  ---------  --------  ----------  --------------  -------------------  ----------------------
/opt/airflow/dags/reddit_dag.py    193  0.01s             0           1  0.04s           2025-02-16T18:33:53                       5
================================================================================
[2025-02-16T18:34:26.175+0000] {manager.py:997} INFO - 
================================================================================
DAG File Processing Stats

File Path                        PID    Runtime      # DAGs    # Errors  Last Runtime    Last Run               Last # of DB Queries
-------------------------------  -----  ---------  --------  ----------  --------------  -------------------  ----------------------
/opt/airflow/dags/reddit_dag.py                           0           1  0.04s           2025-02-16T18:34:24                       5
================================================================================
[2025-02-16T18:34:56.550+0000] {manager.py:997} INFO - 
================================================================================
DAG File Processing Stats

File Path                        PID    Runtime      # DAGs    # Errors  Last Runtime    Last Run               Last # of DB Queries
-------------------------------  -----  ---------  --------  ----------  --------------  -------------------  ----------------------
/opt/airflow/dags/reddit_dag.py                           0           1  0.04s           2025-02-16T18:34:27                       5
================================================================================
[2025-02-16T18:35:26.925+0000] {manager.py:997} INFO - 
================================================================================
DAG File Processing Stats

File Path                        PID    Runtime      # DAGs    # Errors  Last Runtime    Last Run               Last # of DB Queries
-------------------------------  -----  ---------  --------  ----------  --------------  -------------------  ----------------------
/opt/airflow/dags/reddit_dag.py                           0           1  0.07s           2025-02-16T18:34:57                       5
================================================================================
[2025-02-16T18:35:57.302+0000] {manager.py:997} INFO - 
================================================================================
DAG File Processing Stats

File Path                        PID    Runtime      # DAGs    # Errors  Last Runtime    Last Run               Last # of DB Queries
-------------------------------  -----  ---------  --------  ----------  --------------  -------------------  ----------------------
/opt/airflow/dags/reddit_dag.py                           0           1  0.04s           2025-02-16T18:35:27                       5
================================================================================
[2025-02-16T18:36:27.669+0000] {manager.py:997} INFO - 
================================================================================
DAG File Processing Stats

File Path                        PID    Runtime      # DAGs    # Errors  Last Runtime    Last Run               Last # of DB Queries
-------------------------------  -----  ---------  --------  ----------  --------------  -------------------  ----------------------
/opt/airflow/dags/reddit_dag.py                           0           1  0.07s           2025-02-16T18:35:58                       5
================================================================================
[2025-02-16T18:36:56.094+0000] {manager.py:821} INFO - Searching for files in /opt/airflow/dags
[2025-02-16T18:36:56.104+0000] {manager.py:824} INFO - There are 1 files in /opt/airflow/dags
[2025-02-16T18:36:58.138+0000] {manager.py:997} INFO - 
================================================================================
DAG File Processing Stats

File Path                        PID    Runtime      # DAGs    # Errors  Last Runtime    Last Run               Last # of DB Queries
-------------------------------  -----  ---------  --------  ----------  --------------  -------------------  ----------------------
/opt/airflow/dags/reddit_dag.py                           0           1  0.04s           2025-02-16T18:36:28                       5
================================================================================
[2025-02-16T18:37:28.547+0000] {manager.py:997} INFO - 
================================================================================
DAG File Processing Stats

File Path                        PID    Runtime      # DAGs    # Errors  Last Runtime    Last Run               Last # of DB Queries
-------------------------------  -----  ---------  --------  ----------  --------------  -------------------  ----------------------
/opt/airflow/dags/reddit_dag.py                           0           1  0.07s           2025-02-16T18:36:59                       5
================================================================================
[2025-02-16T18:37:58.896+0000] {manager.py:997} INFO - 
================================================================================
DAG File Processing Stats

File Path                        PID    Runtime      # DAGs    # Errors  Last Runtime    Last Run               Last # of DB Queries
-------------------------------  -----  ---------  --------  ----------  --------------  -------------------  ----------------------
/opt/airflow/dags/reddit_dag.py                           0           1  0.06s           2025-02-16T18:37:29                       5
================================================================================
[2025-02-16T18:38:29.259+0000] {manager.py:997} INFO - 
================================================================================
DAG File Processing Stats

File Path                        PID    Runtime      # DAGs    # Errors  Last Runtime    Last Run               Last # of DB Queries
-------------------------------  -----  ---------  --------  ----------  --------------  -------------------  ----------------------
/opt/airflow/dags/reddit_dag.py                           0           1  0.06s           2025-02-16T18:37:59                       5
================================================================================
[2025-02-16T18:38:59.610+0000] {manager.py:997} INFO - 
================================================================================
DAG File Processing Stats

File Path                        PID    Runtime      # DAGs    # Errors  Last Runtime    Last Run               Last # of DB Queries
-------------------------------  -----  ---------  --------  ----------  --------------  -------------------  ----------------------
/opt/airflow/dags/reddit_dag.py                           0           1  0.09s           2025-02-16T18:38:30                       5
================================================================================
[2025-02-16T18:39:30.001+0000] {manager.py:997} INFO - 
================================================================================
DAG File Processing Stats

File Path                        PID    Runtime      # DAGs    # Errors  Last Runtime    Last Run               Last # of DB Queries
-------------------------------  -----  ---------  --------  ----------  --------------  -------------------  ----------------------
/opt/airflow/dags/reddit_dag.py                           0           1  0.05s           2025-02-16T18:39:00                       5
================================================================================
[2025-02-16T18:40:00.418+0000] {manager.py:997} INFO - 
================================================================================
DAG File Processing Stats

File Path                        PID    Runtime      # DAGs    # Errors  Last Runtime    Last Run               Last # of DB Queries
-------------------------------  -----  ---------  --------  ----------  --------------  -------------------  ----------------------
/opt/airflow/dags/reddit_dag.py                           0           1  0.09s           2025-02-16T18:39:31                       5
================================================================================
[2025-02-16T18:40:30.771+0000] {manager.py:997} INFO - 
================================================================================
DAG File Processing Stats

File Path                        PID    Runtime      # DAGs    # Errors  Last Runtime    Last Run               Last # of DB Queries
-------------------------------  -----  ---------  --------  ----------  --------------  -------------------  ----------------------
/opt/airflow/dags/reddit_dag.py                           0           1  0.05s           2025-02-16T18:40:01                       5
================================================================================
[2025-02-16T18:41:01.163+0000] {manager.py:997} INFO - 
================================================================================
DAG File Processing Stats

File Path                        PID    Runtime      # DAGs    # Errors  Last Runtime    Last Run               Last # of DB Queries
-------------------------------  -----  ---------  --------  ----------  --------------  -------------------  ----------------------
/opt/airflow/dags/reddit_dag.py                           0           1  0.07s           2025-02-16T18:40:31                       5
================================================================================
